Using pre-set license
Built from '2020.3/release' branch; Version is '2020.3.27f1 (e759542391ea) revision 15161684'; Using compiler version '192528614'; Build Type 'Release'
OS: 'Windows 11  (10.0.22000) 64bit Professional' Language: 'es' Physical Memory: 12169 MB
BatchMode: 1, IsHumanControllingUs: 0, StartBugReporterOnCrash: 0, Is64bit: 1, IsPro: 0

COMMAND LINE ARGUMENTS:
C:\Program Files\Unity\Hub\Editor\2020.3.27f1\Editor\Unity.exe
-adb2
-batchMode
-noUpm
-name
AssetImportWorker0
-projectPath
C:/Users/vicen/fps/New Unity Project
-logFile
Logs/AssetImportWorker0.log
-srvPort
56682
Successfully changed project path to: C:/Users/vicen/fps/New Unity Project
C:/Users/vicen/fps/New Unity Project
Using Asset Import Pipeline V2.
Refreshing native plugins compatible for Editor in 50.36 ms, found 2 plugins.
Preloading 0 native plugins for Editor in 0.00 ms.
Initialize engine version: 2020.3.27f1 (e759542391ea)
[Subsystems] Discovering subsystems at path C:/Program Files/Unity/Hub/Editor/2020.3.27f1/Editor/Data/Resources/UnitySubsystems
[Subsystems] Discovering subsystems at path C:/Users/vicen/fps/New Unity Project/Assets
GfxDevice: creating device client; threaded=0
Direct3D:
    Version:  Direct3D 11.0 [level 11.0]
    Renderer: Intel(R) HD Graphics 4000 (ID=0x166)
    Vendor:   
    VRAM:     128 MB
    Driver:   10.18.10.4252
Initialize mono
Mono path[0] = 'C:/Program Files/Unity/Hub/Editor/2020.3.27f1/Editor/Data/Managed'
Mono path[1] = 'C:/Program Files/Unity/Hub/Editor/2020.3.27f1/Editor/Data/MonoBleedingEdge/lib/mono/unityjit'
Mono config path = 'C:/Program Files/Unity/Hub/Editor/2020.3.27f1/Editor/Data/MonoBleedingEdge/etc'
Using monoOptions --debugger-agent=transport=dt_socket,embedding=1,server=y,suspend=n,address=127.0.0.1:56728
Begin MonoManager ReloadAssembly
Registering precompiled unity dll's ...
Register platform support module: C:/Program Files/Unity/Hub/Editor/2020.3.27f1/Editor/Data/PlaybackEngines/WebGLSupport/UnityEditor.WebGL.Extensions.dll
Register platform support module: C:/Program Files/Unity/Hub/Editor/2020.3.27f1/Editor/Data/PlaybackEngines/WindowsStandaloneSupport/UnityEditor.WindowsStandalone.Extensions.dll
Registered in 0.002455 seconds.
Native extension for WindowsStandalone target not found
Native extension for WebGL target not found
Refreshing native plugins compatible for Editor in 48.44 ms, found 2 plugins.
Preloading 0 native plugins for Editor in 0.00 ms.
Mono: successfully reloaded assembly
- Completed reload, in  0.893 seconds
Domain Reload Profiling:
	ReloadAssembly (893ms)
		BeginReloadAssembly (88ms)
			ExecutionOrderSort (0ms)
			DisableScriptedObjects (0ms)
			BackupInstance (0ms)
			ReleaseScriptingObjects (0ms)
			CreateAndSetChildDomain (1ms)
		EndReloadAssembly (697ms)
			LoadAssemblies (85ms)
			RebuildTransferFunctionScriptingTraits (0ms)
			SetupTypeCache (238ms)
			ReleaseScriptCaches (0ms)
			RebuildScriptCaches (50ms)
			SetupLoadedEditorAssemblies (258ms)
				LogAssemblyErrors (0ms)
				InitializePlatformSupportModulesInManaged (9ms)
				SetLoadedEditorAssemblies (0ms)
				RefreshPlugins (49ms)
				BeforeProcessingInitializeOnLoad (13ms)
				ProcessInitializeOnLoadAttributes (137ms)
				ProcessInitializeOnLoadMethodAttributes (49ms)
				AfterProcessingInitializeOnLoad (0ms)
				EditorAssembliesLoaded (0ms)
			ExecutionOrderSort2 (0ms)
			AwakeInstancesAfterBackupRestoration (0ms)
Platform modules already initialized, skipping
Registering precompiled user dll's ...
Registered in 0.005657 seconds.
Begin MonoManager ReloadAssembly
Native extension for WindowsStandalone target not found
Native extension for WebGL target not found
Refreshing native plugins compatible for Editor in 0.54 ms, found 2 plugins.
Preloading 0 native plugins for Editor in 0.00 ms.
Mono: successfully reloaded assembly
- Completed reload, in  1.620 seconds
Domain Reload Profiling:
	ReloadAssembly (1622ms)
		BeginReloadAssembly (236ms)
			ExecutionOrderSort (0ms)
			DisableScriptedObjects (8ms)
			BackupInstance (0ms)
			ReleaseScriptingObjects (0ms)
			CreateAndSetChildDomain (28ms)
		EndReloadAssembly (1292ms)
			LoadAssemblies (136ms)
			RebuildTransferFunctionScriptingTraits (0ms)
			SetupTypeCache (473ms)
			ReleaseScriptCaches (1ms)
			RebuildScriptCaches (68ms)
			SetupLoadedEditorAssemblies (465ms)
				LogAssemblyErrors (0ms)
				InitializePlatformSupportModulesInManaged (9ms)
				SetLoadedEditorAssemblies (1ms)
				RefreshPlugins (1ms)
				BeforeProcessingInitializeOnLoad (92ms)
				ProcessInitializeOnLoadAttributes (340ms)
				ProcessInitializeOnLoadMethodAttributes (16ms)
				AfterProcessingInitializeOnLoad (7ms)
				EditorAssembliesLoaded (0ms)
			ExecutionOrderSort2 (0ms)
			AwakeInstancesAfterBackupRestoration (10ms)
Platform modules already initialized, skipping
========================================================================
Worker process is ready to serve import requests
Launched and connected shader compiler UnityShaderCompiler.exe after 0.04 seconds
Refreshing native plugins compatible for Editor in 0.70 ms, found 2 plugins.
Preloading 0 native plugins for Editor in 0.00 ms.
Unloading 1506 Unused Serialized files (Serialized files now loaded: 0)
System memory in use before: 67.7 MB.
System memory in use after: 67.8 MB.

Unloading 19 unused Assets to reduce memory usage. Loaded Objects now: 1938.
Total: 5.741400 ms (FindLiveObjects: 0.240800 ms CreateObjectMapping: 0.089900 ms MarkObjects: 5.289600 ms  DeleteObjects: 0.118600 ms)

AssetImportParameters requested are different than current active one (requested -> active):
  custom:framework-win-MediaFoundation: 216162199b28c13a410421893ffa2e32 -> 
  custom:video-decoder-ogg-theora: a1e56fd34408186e4bbccfd4996cb3dc -> 
  custom:container-muxer-webm: aa71ff27fc2769a1b78a27578f13a17b -> 
  custom:container-demuxer-webm: 4f35f7cbe854078d1ac9338744f61a02 -> 
  custom:container-demuxer-ogg: 62fdf1f143b41e24485cea50d1cbac27 -> 
  custom:video-encoder-webm-vp8: eb34c28f22e8b96e1ab97ce403110664 -> 
  custom:video-decoder-webm-vp8: 9c59270c3fd7afecdb556c50c9e8de78 -> 
  custom:audio-decoder-ogg-vorbis: bf7c407c2cedff20999df2af8eb42d56 -> 
  custom:audio-encoder-webm-vorbis: bf7c407c2cedff20999df2af8eb42d56 -> 
========================================================================
Received Import Request.
  path: Assets/Model/glock19 gen4/glock19 gen4.mtl
  artifactKey: Guid(1d3769a9400bcd44f95f57eae5a29634) Importer(815301076,1909f56bfc062723c751e8b465ee728b)
Start importing Assets/Model/glock19 gen4/glock19 gen4.mtl using Guid(1d3769a9400bcd44f95f57eae5a29634) Importer(815301076,1909f56bfc062723c751e8b465ee728b)  -> (artifact id: '18b04eb5ec5e5b6cfab752f74a3f0b37') in 0.101710 seconds 
  Import took 0.106819 seconds .

========================================================================
Received Prepare
Registering precompiled user dll's ...
Registered in 0.007267 seconds.
Begin MonoManager ReloadAssembly
Native extension for WindowsStandalone target not found
Native extension for WebGL target not found
Refreshing native plugins compatible for Editor in 0.50 ms, found 2 plugins.
Preloading 0 native plugins for Editor in 0.00 ms.
Mono: successfully reloaded assembly
- Completed reload, in  2.188 seconds
Domain Reload Profiling:
	ReloadAssembly (2189ms)
		BeginReloadAssembly (279ms)
			ExecutionOrderSort (0ms)
			DisableScriptedObjects (9ms)
			BackupInstance (0ms)
			ReleaseScriptingObjects (0ms)
			CreateAndSetChildDomain (122ms)
		EndReloadAssembly (1744ms)
			LoadAssemblies (243ms)
			RebuildTransferFunctionScriptingTraits (0ms)
			SetupTypeCache (742ms)
			ReleaseScriptCaches (2ms)
			RebuildScriptCaches (119ms)
			SetupLoadedEditorAssemblies (471ms)
				LogAssemblyErrors (0ms)
				InitializePlatformSupportModulesInManaged (8ms)
				SetLoadedEditorAssemblies (1ms)
				RefreshPlugins (1ms)
				BeforeProcessingInitializeOnLoad (84ms)
				ProcessInitializeOnLoadAttributes (349ms)
				ProcessInitializeOnLoadMethodAttributes (13ms)
				AfterProcessingInitializeOnLoad (15ms)
				EditorAssembliesLoaded (1ms)
			ExecutionOrderSort2 (0ms)
			AwakeInstancesAfterBackupRestoration (12ms)
Platform modules already initialized, skipping
Refreshing native plugins compatible for Editor in 0.80 ms, found 2 plugins.
Preloading 0 native plugins for Editor in 0.00 ms.
Unloading 1500 Unused Serialized files (Serialized files now loaded: 0)
System memory in use before: 67.6 MB.
System memory in use after: 67.7 MB.

Unloading 14 unused Assets to reduce memory usage. Loaded Objects now: 1940.
Total: 5.988100 ms (FindLiveObjects: 0.325000 ms CreateObjectMapping: 0.173200 ms MarkObjects: 5.452500 ms  DeleteObjects: 0.034500 ms)

AssetImportParameters requested are different than current active one (requested -> active):
  custom:framework-win-MediaFoundation: 216162199b28c13a410421893ffa2e32 -> 
  custom:video-decoder-ogg-theora: a1e56fd34408186e4bbccfd4996cb3dc -> 
  custom:container-muxer-webm: aa71ff27fc2769a1b78a27578f13a17b -> 
  custom:container-demuxer-webm: 4f35f7cbe854078d1ac9338744f61a02 -> 
  custom:container-demuxer-ogg: 62fdf1f143b41e24485cea50d1cbac27 -> 
  custom:video-encoder-webm-vp8: eb34c28f22e8b96e1ab97ce403110664 -> 
  custom:video-decoder-webm-vp8: 9c59270c3fd7afecdb556c50c9e8de78 -> 
  custom:audio-decoder-ogg-vorbis: bf7c407c2cedff20999df2af8eb42d56 -> 
  custom:audio-encoder-webm-vorbis: bf7c407c2cedff20999df2af8eb42d56 -> 
========================================================================
Received Prepare
Registering precompiled user dll's ...
Registered in 0.004880 seconds.
Begin MonoManager ReloadAssembly
Native extension for WindowsStandalone target not found
Native extension for WebGL target not found
Refreshing native plugins compatible for Editor in 0.55 ms, found 2 plugins.
Preloading 0 native plugins for Editor in 0.00 ms.
Mono: successfully reloaded assembly
- Completed reload, in  1.366 seconds
Domain Reload Profiling:
	ReloadAssembly (1367ms)
		BeginReloadAssembly (149ms)
			ExecutionOrderSort (0ms)
			DisableScriptedObjects (7ms)
			BackupInstance (0ms)
			ReleaseScriptingObjects (0ms)
			CreateAndSetChildDomain (44ms)
		EndReloadAssembly (1130ms)
			LoadAssemblies (128ms)
			RebuildTransferFunctionScriptingTraits (0ms)
			SetupTypeCache (410ms)
			ReleaseScriptCaches (1ms)
			RebuildScriptCaches (61ms)
			SetupLoadedEditorAssemblies (387ms)
				LogAssemblyErrors (0ms)
				InitializePlatformSupportModulesInManaged (8ms)
				SetLoadedEditorAssemblies (1ms)
				RefreshPlugins (1ms)
				BeforeProcessingInitializeOnLoad (68ms)
				ProcessInitializeOnLoadAttributes (291ms)
				ProcessInitializeOnLoadMethodAttributes (12ms)
				AfterProcessingInitializeOnLoad (6ms)
				EditorAssembliesLoaded (0ms)
			ExecutionOrderSort2 (0ms)
			AwakeInstancesAfterBackupRestoration (10ms)
Platform modules already initialized, skipping
Refreshing native plugins compatible for Editor in 0.78 ms, found 2 plugins.
Preloading 0 native plugins for Editor in 0.00 ms.
Unloading 1500 Unused Serialized files (Serialized files now loaded: 0)
System memory in use before: 67.7 MB.
System memory in use after: 67.8 MB.

Unloading 14 unused Assets to reduce memory usage. Loaded Objects now: 1942.
Total: 5.656200 ms (FindLiveObjects: 0.270900 ms CreateObjectMapping: 0.095000 ms MarkObjects: 5.255400 ms  DeleteObjects: 0.032200 ms)

AssetImportParameters requested are different than current active one (requested -> active):
  custom:framework-win-MediaFoundation: 216162199b28c13a410421893ffa2e32 -> 
  custom:video-decoder-ogg-theora: a1e56fd34408186e4bbccfd4996cb3dc -> 
  custom:container-muxer-webm: aa71ff27fc2769a1b78a27578f13a17b -> 
  custom:container-demuxer-webm: 4f35f7cbe854078d1ac9338744f61a02 -> 
  custom:container-demuxer-ogg: 62fdf1f143b41e24485cea50d1cbac27 -> 
  custom:video-encoder-webm-vp8: eb34c28f22e8b96e1ab97ce403110664 -> 
  custom:video-decoder-webm-vp8: 9c59270c3fd7afecdb556c50c9e8de78 -> 
  custom:audio-decoder-ogg-vorbis: bf7c407c2cedff20999df2af8eb42d56 -> 
  custom:audio-encoder-webm-vorbis: bf7c407c2cedff20999df2af8eb42d56 -> 
========================================================================
Received Import Request.
  Time since last request: 436.342054 seconds.
  path: Assets/Model/glock19 gen4/textures/glock19 gen4_Normal.png
  artifactKey: Guid(acd493d065fb98f48af1f36253b43a8c) Importer(815301076,1909f56bfc062723c751e8b465ee728b)
Start importing Assets/Model/glock19 gen4/textures/glock19 gen4_Normal.png using Guid(acd493d065fb98f48af1f36253b43a8c) Importer(815301076,1909f56bfc062723c751e8b465ee728b)  -> (artifact id: 'd44a43b28bff7428afca038b1f7106b2') in 0.525000 seconds 
  Import took 0.542846 seconds .

========================================================================
Received Import Request.
  Time since last request: 0.249022 seconds.
  path: Assets/Model/glock19 gen4/textures/glock19 gen4_Albedo.png
  artifactKey: Guid(a43c72aa5194e6c40afec231f79ca5d1) Importer(815301076,1909f56bfc062723c751e8b465ee728b)
Start importing Assets/Model/glock19 gen4/textures/glock19 gen4_Albedo.png using Guid(a43c72aa5194e6c40afec231f79ca5d1) Importer(815301076,1909f56bfc062723c751e8b465ee728b)  -> (artifact id: '5300a8d48783940e2c446a0530ecb092') in 0.030217 seconds 
  Import took 0.034859 seconds .

========================================================================
Received Import Request.
  Time since last request: 6.574059 seconds.
  path: Assets/Model/gun.unitypackage
  artifactKey: Guid(199697b032e4dcc47b7544d4a45f7a38) Importer(815301076,1909f56bfc062723c751e8b465ee728b)
Start importing Assets/Model/gun.unitypackage using Guid(199697b032e4dcc47b7544d4a45f7a38) Importer(815301076,1909f56bfc062723c751e8b465ee728b)  -> (artifact id: '3aa7a696476910b84449018633a7b8cf') in 0.006186 seconds 
  Import took 0.011537 seconds .

========================================================================
Received Import Request.
  Time since last request: 136.759534 seconds.
  path: Assets/prefab/Pistol.fbx
  artifactKey: Guid(2ab6386ef7935d5428ccbc9263ec01d4) Importer(815301076,1909f56bfc062723c751e8b465ee728b)
Start importing Assets/prefab/Pistol.fbx using Guid(2ab6386ef7935d5428ccbc9263ec01d4) Importer(815301076,1909f56bfc062723c751e8b465ee728b)  -> (artifact id: 'c1270620abdddc11bdb2c372182e698a') in 0.176128 seconds 
  Import took 0.182591 seconds .

========================================================================
Received Prepare
Registering precompiled user dll's ...
Registered in 0.004468 seconds.
Begin MonoManager ReloadAssembly
Native extension for WindowsStandalone target not found
Native extension for WebGL target not found
Refreshing native plugins compatible for Editor in 0.50 ms, found 2 plugins.
Preloading 0 native plugins for Editor in 0.00 ms.
Mono: successfully reloaded assembly
- Completed reload, in  1.616 seconds
Domain Reload Profiling:
	ReloadAssembly (1617ms)
		BeginReloadAssembly (158ms)
			ExecutionOrderSort (0ms)
			DisableScriptedObjects (7ms)
			BackupInstance (0ms)
			ReleaseScriptingObjects (0ms)
			CreateAndSetChildDomain (48ms)
		EndReloadAssembly (1371ms)
			LoadAssemblies (131ms)
			RebuildTransferFunctionScriptingTraits (0ms)
			SetupTypeCache (429ms)
			ReleaseScriptCaches (1ms)
			RebuildScriptCaches (137ms)
			SetupLoadedEditorAssemblies (495ms)
				LogAssemblyErrors (0ms)
				InitializePlatformSupportModulesInManaged (10ms)
				SetLoadedEditorAssemblies (1ms)
				RefreshPlugins (1ms)
				BeforeProcessingInitializeOnLoad (101ms)
				ProcessInitializeOnLoadAttributes (356ms)
				ProcessInitializeOnLoadMethodAttributes (17ms)
				AfterProcessingInitializeOnLoad (9ms)
				EditorAssembliesLoaded (0ms)
			ExecutionOrderSort2 (0ms)
			AwakeInstancesAfterBackupRestoration (14ms)
Platform modules already initialized, skipping
Refreshing native plugins compatible for Editor in 1.21 ms, found 2 plugins.
Preloading 0 native plugins for Editor in 0.00 ms.
Unloading 1500 Unused Serialized files (Serialized files now loaded: 0)
System memory in use before: 71.7 MB.
System memory in use after: 71.8 MB.

Unloading 14 unused Assets to reduce memory usage. Loaded Objects now: 1991.
Total: 6.790200 ms (FindLiveObjects: 0.259600 ms CreateObjectMapping: 0.094900 ms MarkObjects: 6.394600 ms  DeleteObjects: 0.038300 ms)

AssetImportParameters requested are different than current active one (requested -> active):
  custom:framework-win-MediaFoundation: 216162199b28c13a410421893ffa2e32 -> 
  custom:video-decoder-ogg-theora: a1e56fd34408186e4bbccfd4996cb3dc -> 
  custom:container-muxer-webm: aa71ff27fc2769a1b78a27578f13a17b -> 
  custom:container-demuxer-webm: 4f35f7cbe854078d1ac9338744f61a02 -> 
  custom:container-demuxer-ogg: 62fdf1f143b41e24485cea50d1cbac27 -> 
  custom:video-encoder-webm-vp8: eb34c28f22e8b96e1ab97ce403110664 -> 
  custom:video-decoder-webm-vp8: 9c59270c3fd7afecdb556c50c9e8de78 -> 
  custom:audio-decoder-ogg-vorbis: bf7c407c2cedff20999df2af8eb42d56 -> 
  custom:audio-encoder-webm-vorbis: bf7c407c2cedff20999df2af8eb42d56 -> 
========================================================================
Received Import Request.
  Time since last request: 401.444754 seconds.
  path: Assets/prefab/Pistol.prefab
  artifactKey: Guid(972d58e97beccb14cac0d5f9c569f2ce) Importer(815301076,1909f56bfc062723c751e8b465ee728b)
Start importing Assets/prefab/Pistol.prefab using Guid(972d58e97beccb14cac0d5f9c569f2ce) Importer(815301076,1909f56bfc062723c751e8b465ee728b)  -> (artifact id: 'ac203d03eda309ef48156d33cb2282a2') in 0.075342 seconds 
  Import took 0.081520 seconds .

========================================================================
Received Import Request.
  Time since last request: 43.464837 seconds.
  path: Assets/prefab/Pistol.prefab
  artifactKey: Guid(972d58e97beccb14cac0d5f9c569f2ce) Importer(815301076,1909f56bfc062723c751e8b465ee728b)
Start importing Assets/prefab/Pistol.prefab using Guid(972d58e97beccb14cac0d5f9c569f2ce) Importer(815301076,1909f56bfc062723c751e8b465ee728b)  -> (artifact id: 'e74000ff59368778d0dc163955ef774b') in 0.005771 seconds 
  Import took 0.009809 seconds .

========================================================================
Received Import Request.
  Time since last request: 0.589823 seconds.
  path: Assets/prefab/Pistol.prefab
  artifactKey: Guid(972d58e97beccb14cac0d5f9c569f2ce) Importer(815301076,1909f56bfc062723c751e8b465ee728b)
Start importing Assets/prefab/Pistol.prefab using Guid(972d58e97beccb14cac0d5f9c569f2ce) Importer(815301076,1909f56bfc062723c751e8b465ee728b)  -> (artifact id: '7090566abf88ee18520543759b96d098') in 0.005026 seconds 
  Import took 0.008686 seconds .

========================================================================
Received Import Request.
  Time since last request: 1.001921 seconds.
  path: Assets/prefab/Pistol.prefab
  artifactKey: Guid(972d58e97beccb14cac0d5f9c569f2ce) Importer(815301076,1909f56bfc062723c751e8b465ee728b)
Start importing Assets/prefab/Pistol.prefab using Guid(972d58e97beccb14cac0d5f9c569f2ce) Importer(815301076,1909f56bfc062723c751e8b465ee728b)  -> (artifact id: '451199678d46d8958d3bfe36c874e9be') in 0.005647 seconds 
  Import took 0.009235 seconds .

========================================================================
Received Import Request.
  Time since last request: 17.979182 seconds.
  path: Assets/prefab/Pistol.prefab
  artifactKey: Guid(972d58e97beccb14cac0d5f9c569f2ce) Importer(815301076,1909f56bfc062723c751e8b465ee728b)
Start importing Assets/prefab/Pistol.prefab using Guid(972d58e97beccb14cac0d5f9c569f2ce) Importer(815301076,1909f56bfc062723c751e8b465ee728b)  -> (artifact id: '4370401ca6a79ebb642e655c5da5ea5b') in 0.006466 seconds 
  Import took 0.009816 seconds .

========================================================================
Received Import Request.
  Time since last request: 66.378414 seconds.
  path: Assets/prefab/Pistol.prefab
  artifactKey: Guid(972d58e97beccb14cac0d5f9c569f2ce) Importer(815301076,1909f56bfc062723c751e8b465ee728b)
Start importing Assets/prefab/Pistol.prefab using Guid(972d58e97beccb14cac0d5f9c569f2ce) Importer(815301076,1909f56bfc062723c751e8b465ee728b)  -> (artifact id: '1fb6ee94ba08a45934be62c940776349') in 0.006331 seconds 
  Import took 0.010325 seconds .

========================================================================
Received Import Request.
  Time since last request: 2.202186 seconds.
  path: Assets/prefab/Pistol.prefab
  artifactKey: Guid(972d58e97beccb14cac0d5f9c569f2ce) Importer(815301076,1909f56bfc062723c751e8b465ee728b)
Start importing Assets/prefab/Pistol.prefab using Guid(972d58e97beccb14cac0d5f9c569f2ce) Importer(815301076,1909f56bfc062723c751e8b465ee728b)  -> (artifact id: '8d44cd53879bbb17cdd44d5bf521707e') in 0.005377 seconds 
  Import took 0.010098 seconds .

========================================================================
Received Import Request.
  Time since last request: 4.095025 seconds.
  path: Assets/prefab/Pistol.prefab
  artifactKey: Guid(972d58e97beccb14cac0d5f9c569f2ce) Importer(815301076,1909f56bfc062723c751e8b465ee728b)
Start importing Assets/prefab/Pistol.prefab using Guid(972d58e97beccb14cac0d5f9c569f2ce) Importer(815301076,1909f56bfc062723c751e8b465ee728b)  -> (artifact id: '9291948e798cc57c0d9eb6a03d208575') in 0.007000 seconds 
  Import took 0.011723 seconds .

========================================================================
Received Import Request.
  Time since last request: 80.074354 seconds.
  path: Assets/prefab/Pistol.prefab
  artifactKey: Guid(972d58e97beccb14cac0d5f9c569f2ce) Importer(815301076,1909f56bfc062723c751e8b465ee728b)
Start importing Assets/prefab/Pistol.prefab using Guid(972d58e97beccb14cac0d5f9c569f2ce) Importer(815301076,1909f56bfc062723c751e8b465ee728b)  -> (artifact id: '021c02ccb694bf9a38b2cbeb9da64590') in 0.061738 seconds 
  Import took 0.065711 seconds .

AssetImportWorkerClient::OnTransportError - code=2 error=End of file
